<?xml version="1.0" encoding="UTF-8"?>
<!-- Generated by org.testng.reporters.JUnitXMLReporter -->
<testsuite hostname="LAPTOP-V5LK2TQE" name="loginTest" tests="6" failures="0" timestamp="2 May 2018 05:10:55 GMT" time="112.538" errors="0">
  <testcase name="basepage_navigation" time="23.913" classname="home.HomePageNavigation"/>
  <testcase name="basepage_navigation" time="15.286" classname="home.HomePageNavigation"/>
  <testcase name="validateHomeButton" time="8.404" classname="home.MenuBar"/>
  <testcase name="validateVideosButton" time="8.002" classname="home.MenuBar"/>
  <testcase name="validatePracticeButton" time="12.629" classname="home.MenuBar"/>
  <testcase name="validateAboutButton" time="5.622" classname="home.MenuBar"/>
</testsuite> <!-- loginTest -->
