<?xml version="1.0" encoding="UTF-8"?>
<!-- Generated by org.testng.reporters.JUnitXMLReporter -->
<testsuite hostname="LAPTOP-V5LK2TQE" name="loginTest" tests="6" failures="0" timestamp="5 May 2018 04:07:12 GMT" time="131.387" errors="0">
  <testcase name="basepage_navigation" time="25.309" classname="home.HomePageNavigation"/>
  <testcase name="basepage_navigation" time="20.107" classname="home.HomePageNavigation"/>
  <testcase name="validateHomeButton" time="11.21" classname="home.MenuBar"/>
  <testcase name="validateVideosButton" time="8.722" classname="home.MenuBar"/>
  <testcase name="validatePracticeButton" time="8.379" classname="home.MenuBar"/>
  <testcase name="validateAboutButton" time="6.299" classname="home.MenuBar"/>
</testsuite> <!-- loginTest -->
