<?xml version="1.0" encoding="UTF-8"?>
<!-- Generated by org.testng.reporters.JUnitXMLReporter -->
<testsuite hostname="LAPTOP-V5LK2TQE" name="Default test" tests="8" failures="0" timestamp="19 Apr 2018 14:23:35 GMT" time="83.273" errors="0">
  <testcase name="validateHomeButton" time="20.451" classname="home.MenuBar"/>
  <testcase name="validateCoursesButton" time="14.482" classname="home.MenuBar"/>
  <testcase name="validateVideosButton" time="3.47" classname="home.MenuBar"/>
  <testcase name="validateInterviewGuideButton" time="2.647" classname="home.MenuBar"/>
  <testcase name="validatePracticeButton" time="7.087" classname="home.MenuBar"/>
  <testcase name="validateBlogButton" time="22.897" classname="home.MenuBar"/>
  <testcase name="validateAboutButton" time="3.891" classname="home.MenuBar"/>
  <testcase name="validateContactButton" time="2.39" classname="home.MenuBar"/>
</testsuite> <!-- Default test -->
