<?xml version="1.0" encoding="UTF-8"?>
<testng-results skipped="0" failed="0" total="6" passed="6">
  <reporter-output>
  </reporter-output>
  <suite name="Regression-Suite" duration-ms="237575" started-at="2018-05-01T15:53:38Z" finished-at="2018-05-01T15:57:36Z">
    <groups>
      <group name="Sanity">
        <method signature="HomePageNavigation.basepage_navigation(java.lang.String, java.lang.String)[pri:0, instance:home.HomePageNavigation@1f59a598]" name="basepage_navigation" class="home.HomePageNavigation"/>
      </group> <!-- Sanity -->
      <group name="Regression">
        <method signature="HomePageNavigation.basepage_navigation(java.lang.String, java.lang.String)[pri:0, instance:home.HomePageNavigation@1f59a598]" name="basepage_navigation" class="home.HomePageNavigation"/>
        <method signature="MenuBar.validateAboutButton()[pri:0, instance:home.MenuBar@10aa41f2]" name="validateAboutButton" class="home.MenuBar"/>
        <method signature="MenuBar.validateHomeButton()[pri:0, instance:home.MenuBar@10aa41f2]" name="validateHomeButton" class="home.MenuBar"/>
        <method signature="MenuBar.validatePracticeButton()[pri:0, instance:home.MenuBar@10aa41f2]" name="validatePracticeButton" class="home.MenuBar"/>
        <method signature="MenuBar.validateVideosButton()[pri:0, instance:home.MenuBar@10aa41f2]" name="validateVideosButton" class="home.MenuBar"/>
      </group> <!-- Regression -->
    </groups>
    <test name="loginTest" duration-ms="237575" started-at="2018-05-01T15:53:38Z" finished-at="2018-05-01T15:57:36Z">
      <class name="home.HomePageNavigation">
        <test-method status="PASS" signature="testSetup()[pri:0, instance:home.HomePageNavigation@1f59a598]" name="testSetup" is-config="true" duration-ms="20" started-at="2018-05-01T21:23:38Z" finished-at="2018-05-01T21:23:38Z">
          <reporter-output>
          </reporter-output>
        </test-method> <!-- testSetup -->
        <test-method status="PASS" signature="setup()[pri:0, instance:home.HomePageNavigation@1f59a598]" name="setup" is-config="true" duration-ms="46065" started-at="2018-05-01T21:23:38Z" finished-at="2018-05-01T21:24:24Z">
          <reporter-output>
          </reporter-output>
        </test-method> <!-- setup -->
        <test-method status="PASS" signature="basepage_navigation(java.lang.String, java.lang.String)[pri:0, instance:home.HomePageNavigation@1f59a598]" name="basepage_navigation" duration-ms="36710" started-at="2018-05-01T21:24:24Z" data-provider="getData" finished-at="2018-05-01T21:25:01Z">
          <params>
            <param index="0">
              <value>
                <![CDATA[uday@hmail.com]]>
              </value>
            </param>
            <param index="1">
              <value>
                <![CDATA[password1]]>
              </value>
            </param>
          </params>
          <reporter-output>
          </reporter-output>
        </test-method> <!-- basepage_navigation -->
        <test-method status="PASS" signature="setTestResult(org.testng.ITestResult)[pri:0, instance:home.HomePageNavigation@1f59a598]" name="setTestResult" is-config="true" duration-ms="4459" started-at="2018-05-01T21:25:01Z" finished-at="2018-05-01T21:25:06Z">
          <params>
            <param index="0">
              <value>
                <![CDATA[[TestResult name=basepage_navigation status=SUCCESS method=HomePageNavigation.basepage_navigation(java.lang.String, java.lang.String)[pri:0, instance:home.HomePageNavigation@1f59a598] output={null}]]]>
              </value>
            </param>
          </params>
          <reporter-output>
          </reporter-output>
        </test-method> <!-- setTestResult -->
        <test-method status="PASS" signature="setup()[pri:0, instance:home.HomePageNavigation@1f59a598]" name="setup" is-config="true" duration-ms="11952" started-at="2018-05-01T21:25:06Z" finished-at="2018-05-01T21:25:18Z">
          <reporter-output>
          </reporter-output>
        </test-method> <!-- setup -->
        <test-method status="PASS" signature="basepage_navigation(java.lang.String, java.lang.String)[pri:0, instance:home.HomePageNavigation@1f59a598]" name="basepage_navigation" duration-ms="22968" started-at="2018-05-01T21:25:18Z" data-provider="getData" finished-at="2018-05-01T21:25:41Z">
          <params>
            <param index="0">
              <value>
                <![CDATA[udaykumar@gmail.com]]>
              </value>
            </param>
            <param index="1">
              <value>
                <![CDATA[password2]]>
              </value>
            </param>
          </params>
          <reporter-output>
          </reporter-output>
        </test-method> <!-- basepage_navigation -->
        <test-method status="PASS" signature="setTestResult(org.testng.ITestResult)[pri:0, instance:home.HomePageNavigation@1f59a598]" name="setTestResult" is-config="true" duration-ms="3046" started-at="2018-05-01T21:25:41Z" finished-at="2018-05-01T21:25:44Z">
          <params>
            <param index="0">
              <value>
                <![CDATA[[TestResult name=basepage_navigation status=SUCCESS method=HomePageNavigation.basepage_navigation(java.lang.String, java.lang.String)[pri:0, instance:home.HomePageNavigation@1f59a598] output={null}]]]>
              </value>
            </param>
          </params>
          <reporter-output>
          </reporter-output>
        </test-method> <!-- setTestResult -->
        <test-method status="PASS" signature="closeup()[pri:0, instance:home.HomePageNavigation@1f59a598]" name="closeup" is-config="true" duration-ms="122" started-at="2018-05-01T21:25:44Z" finished-at="2018-05-01T21:25:44Z">
          <reporter-output>
          </reporter-output>
        </test-method> <!-- closeup -->
      </class> <!-- home.HomePageNavigation -->
      <class name="home.BaseTestSuite">
        <test-method status="PASS" signature="startSuite(org.testng.ITestContext)[pri:0, instance:home.BaseTestSuite@3af9c5b7]" name="startSuite" is-config="true" duration-ms="203" started-at="2018-05-01T21:23:38Z" finished-at="2018-05-01T21:23:38Z">
          <params>
            <param index="0">
              <value>
                <![CDATA[org.testng.TestRunner@70d2e40b]]>
              </value>
            </param>
          </params>
          <reporter-output>
          </reporter-output>
        </test-method> <!-- startSuite -->
        <test-method status="PASS" signature="endSuite()[pri:0, instance:home.BaseTestSuite@3af9c5b7]" name="endSuite" is-config="true" duration-ms="255" started-at="2018-05-01T21:27:37Z" finished-at="2018-05-01T21:27:37Z">
          <reporter-output>
          </reporter-output>
        </test-method> <!-- endSuite -->
      </class> <!-- home.BaseTestSuite -->
      <class name="home.MenuBar">
        <test-method status="PASS" signature="testSetup()[pri:0, instance:home.MenuBar@10aa41f2]" name="testSetup" is-config="true" duration-ms="0" started-at="2018-05-01T21:25:44Z" finished-at="2018-05-01T21:25:44Z">
          <reporter-output>
          </reporter-output>
        </test-method> <!-- testSetup -->
        <test-method status="PASS" signature="setup()[pri:0, instance:home.MenuBar@10aa41f2]" name="setup" is-config="true" duration-ms="15136" started-at="2018-05-01T21:25:44Z" finished-at="2018-05-01T21:25:59Z">
          <reporter-output>
          </reporter-output>
        </test-method> <!-- setup -->
        <test-method status="PASS" signature="validateHomeButton()[pri:0, instance:home.MenuBar@10aa41f2]" name="validateHomeButton" duration-ms="25494" started-at="2018-05-01T21:25:59Z" finished-at="2018-05-01T21:26:24Z">
          <reporter-output>
          </reporter-output>
        </test-method> <!-- validateHomeButton -->
        <test-method status="PASS" signature="setTestResult(org.testng.ITestResult)[pri:0, instance:home.MenuBar@10aa41f2]" name="setTestResult" is-config="true" duration-ms="3735" started-at="2018-05-01T21:26:24Z" finished-at="2018-05-01T21:26:28Z">
          <params>
            <param index="0">
              <value>
                <![CDATA[[TestResult name=validateHomeButton status=SUCCESS method=MenuBar.validateHomeButton()[pri:0, instance:home.MenuBar@10aa41f2] output={null}]]]>
              </value>
            </param>
          </params>
          <reporter-output>
          </reporter-output>
        </test-method> <!-- setTestResult -->
        <test-method status="PASS" signature="setup()[pri:0, instance:home.MenuBar@10aa41f2]" name="setup" is-config="true" duration-ms="8406" started-at="2018-05-01T21:26:28Z" finished-at="2018-05-01T21:26:37Z">
          <reporter-output>
          </reporter-output>
        </test-method> <!-- setup -->
        <test-method status="PASS" signature="validateVideosButton()[pri:0, instance:home.MenuBar@10aa41f2]" name="validateVideosButton" duration-ms="20024" started-at="2018-05-01T21:26:37Z" finished-at="2018-05-01T21:26:57Z">
          <reporter-output>
          </reporter-output>
        </test-method> <!-- validateVideosButton -->
        <test-method status="PASS" signature="setTestResult(org.testng.ITestResult)[pri:0, instance:home.MenuBar@10aa41f2]" name="setTestResult" is-config="true" duration-ms="1229" started-at="2018-05-01T21:26:57Z" finished-at="2018-05-01T21:26:58Z">
          <params>
            <param index="0">
              <value>
                <![CDATA[[TestResult name=validateVideosButton status=SUCCESS method=MenuBar.validateVideosButton()[pri:0, instance:home.MenuBar@10aa41f2] output={null}]]]>
              </value>
            </param>
          </params>
          <reporter-output>
          </reporter-output>
        </test-method> <!-- setTestResult -->
        <test-method status="PASS" signature="setup()[pri:0, instance:home.MenuBar@10aa41f2]" name="setup" is-config="true" duration-ms="6784" started-at="2018-05-01T21:26:58Z" finished-at="2018-05-01T21:27:05Z">
          <reporter-output>
          </reporter-output>
        </test-method> <!-- setup -->
        <test-method status="PASS" signature="validatePracticeButton()[pri:0, instance:home.MenuBar@10aa41f2]" name="validatePracticeButton" duration-ms="10828" started-at="2018-05-01T21:27:05Z" finished-at="2018-05-01T21:27:15Z">
          <reporter-output>
          </reporter-output>
        </test-method> <!-- validatePracticeButton -->
        <test-method status="PASS" signature="setTestResult(org.testng.ITestResult)[pri:0, instance:home.MenuBar@10aa41f2]" name="setTestResult" is-config="true" duration-ms="1550" started-at="2018-05-01T21:27:15Z" finished-at="2018-05-01T21:27:17Z">
          <params>
            <param index="0">
              <value>
                <![CDATA[[TestResult name=validatePracticeButton status=SUCCESS method=MenuBar.validatePracticeButton()[pri:0, instance:home.MenuBar@10aa41f2] output={null}]]]>
              </value>
            </param>
          </params>
          <reporter-output>
          </reporter-output>
        </test-method> <!-- setTestResult -->
        <test-method status="PASS" signature="setup()[pri:0, instance:home.MenuBar@10aa41f2]" name="setup" is-config="true" duration-ms="4921" started-at="2018-05-01T21:27:17Z" finished-at="2018-05-01T21:27:22Z">
          <reporter-output>
          </reporter-output>
        </test-method> <!-- setup -->
        <test-method status="PASS" signature="validateAboutButton()[pri:0, instance:home.MenuBar@10aa41f2]" name="validateAboutButton" duration-ms="10035" started-at="2018-05-01T21:27:22Z" finished-at="2018-05-01T21:27:32Z">
          <reporter-output>
          </reporter-output>
        </test-method> <!-- validateAboutButton -->
        <test-method status="PASS" signature="setTestResult(org.testng.ITestResult)[pri:0, instance:home.MenuBar@10aa41f2]" name="setTestResult" is-config="true" duration-ms="4068" started-at="2018-05-01T21:27:32Z" finished-at="2018-05-01T21:27:36Z">
          <params>
            <param index="0">
              <value>
                <![CDATA[[TestResult name=validateAboutButton status=SUCCESS method=MenuBar.validateAboutButton()[pri:0, instance:home.MenuBar@10aa41f2] output={null}]]]>
              </value>
            </param>
          </params>
          <reporter-output>
          </reporter-output>
        </test-method> <!-- setTestResult -->
      </class> <!-- home.MenuBar -->
    </test> <!-- loginTest -->
  </suite> <!-- Regression-Suite -->
</testng-results>
