<?xml version="1.0" encoding="UTF-8"?>
<testng-results skipped="0" failed="0" total="2" passed="2">
  <reporter-output>
  </reporter-output>
  <suite name="Regression-Suite" duration-ms="58310" started-at="2018-05-02T08:03:22Z" finished-at="2018-05-02T08:04:20Z">
    <groups>
      <group name="Sanity">
        <method signature="HomePageNavigation.basepage_navigation(java.lang.String, java.lang.String)[pri:0, instance:home.HomePageNavigation@8c3b9d]" name="basepage_navigation" class="home.HomePageNavigation"/>
      </group> <!-- Sanity -->
      <group name="Regression">
        <method signature="HomePageNavigation.basepage_navigation(java.lang.String, java.lang.String)[pri:0, instance:home.HomePageNavigation@8c3b9d]" name="basepage_navigation" class="home.HomePageNavigation"/>
      </group> <!-- Regression -->
    </groups>
    <test name="loginTest" duration-ms="58310" started-at="2018-05-02T08:03:22Z" finished-at="2018-05-02T08:04:20Z">
      <class name="home.HomePageNavigation">
        <test-method status="PASS" signature="setup()[pri:0, instance:home.HomePageNavigation@8c3b9d]" name="setup" is-config="true" duration-ms="7517" started-at="2018-05-02T13:33:22Z" finished-at="2018-05-02T13:33:30Z">
          <reporter-output>
          </reporter-output>
        </test-method> <!-- setup -->
        <test-method status="PASS" signature="testSetup()[pri:0, instance:home.HomePageNavigation@8c3b9d]" name="testSetup" is-config="true" duration-ms="0" started-at="2018-05-02T13:33:22Z" finished-at="2018-05-02T13:33:22Z">
          <reporter-output>
          </reporter-output>
        </test-method> <!-- testSetup -->
        <test-method status="PASS" signature="basepage_navigation(java.lang.String, java.lang.String)[pri:0, instance:home.HomePageNavigation@8c3b9d]" name="basepage_navigation" duration-ms="22056" started-at="2018-05-02T13:33:30Z" data-provider="getData" finished-at="2018-05-02T13:33:52Z">
          <params>
            <param index="0">
              <value>
                <![CDATA[uday@hmail.com]]>
              </value>
            </param>
            <param index="1">
              <value>
                <![CDATA[password1]]>
              </value>
            </param>
          </params>
          <reporter-output>
          </reporter-output>
        </test-method> <!-- basepage_navigation -->
        <test-method status="PASS" signature="setTestResult(org.testng.ITestResult)[pri:0, instance:home.HomePageNavigation@8c3b9d]" name="setTestResult" is-config="true" duration-ms="2617" started-at="2018-05-02T13:33:52Z" finished-at="2018-05-02T13:33:54Z">
          <params>
            <param index="0">
              <value>
                <![CDATA[[TestResult name=basepage_navigation status=SUCCESS method=HomePageNavigation.basepage_navigation(java.lang.String, java.lang.String)[pri:0, instance:home.HomePageNavigation@8c3b9d] output={null}]]]>
              </value>
            </param>
          </params>
          <reporter-output>
          </reporter-output>
        </test-method> <!-- setTestResult -->
        <test-method status="PASS" signature="setup()[pri:0, instance:home.HomePageNavigation@8c3b9d]" name="setup" is-config="true" duration-ms="5162" started-at="2018-05-02T13:33:54Z" finished-at="2018-05-02T13:33:59Z">
          <reporter-output>
          </reporter-output>
        </test-method> <!-- setup -->
        <test-method status="PASS" signature="basepage_navigation(java.lang.String, java.lang.String)[pri:0, instance:home.HomePageNavigation@8c3b9d]" name="basepage_navigation" duration-ms="17567" started-at="2018-05-02T13:33:59Z" data-provider="getData" finished-at="2018-05-02T13:34:17Z">
          <params>
            <param index="0">
              <value>
                <![CDATA[udaykumar@gmail.com]]>
              </value>
            </param>
            <param index="1">
              <value>
                <![CDATA[password2]]>
              </value>
            </param>
          </params>
          <reporter-output>
          </reporter-output>
        </test-method> <!-- basepage_navigation -->
        <test-method status="PASS" signature="setTestResult(org.testng.ITestResult)[pri:0, instance:home.HomePageNavigation@8c3b9d]" name="setTestResult" is-config="true" duration-ms="3250" started-at="2018-05-02T13:34:17Z" finished-at="2018-05-02T13:34:20Z">
          <params>
            <param index="0">
              <value>
                <![CDATA[[TestResult name=basepage_navigation status=SUCCESS method=HomePageNavigation.basepage_navigation(java.lang.String, java.lang.String)[pri:0, instance:home.HomePageNavigation@8c3b9d] output={null}]]]>
              </value>
            </param>
          </params>
          <reporter-output>
          </reporter-output>
        </test-method> <!-- setTestResult -->
        <test-method status="PASS" signature="closeup()[pri:0, instance:home.HomePageNavigation@8c3b9d]" name="closeup" is-config="true" duration-ms="125" started-at="2018-05-02T13:34:20Z" finished-at="2018-05-02T13:34:20Z">
          <reporter-output>
          </reporter-output>
        </test-method> <!-- closeup -->
      </class> <!-- home.HomePageNavigation -->
      <class name="home.BaseTestSuite">
        <test-method status="PASS" signature="startSuite(org.testng.ITestContext)[pri:0, instance:home.BaseTestSuite@757277dc]" name="startSuite" is-config="true" duration-ms="188" started-at="2018-05-02T13:33:22Z" finished-at="2018-05-02T13:33:22Z">
          <params>
            <param index="0">
              <value>
                <![CDATA[org.testng.TestRunner@3bffddff]]>
              </value>
            </param>
          </params>
          <reporter-output>
          </reporter-output>
        </test-method> <!-- startSuite -->
        <test-method status="PASS" signature="endSuite()[pri:0, instance:home.BaseTestSuite@757277dc]" name="endSuite" is-config="true" duration-ms="78" started-at="2018-05-02T13:34:20Z" finished-at="2018-05-02T13:34:21Z">
          <reporter-output>
          </reporter-output>
        </test-method> <!-- endSuite -->
      </class> <!-- home.BaseTestSuite -->
    </test> <!-- loginTest -->
  </suite> <!-- Regression-Suite -->
</testng-results>
