<?xml version="1.0" encoding="UTF-8"?>
<testng-results skipped="0" failed="0" total="6" passed="6">
  <reporter-output>
  </reporter-output>
  <suite name="Regression-Suite" duration-ms="131387" started-at="2018-05-05T04:05:00Z" finished-at="2018-05-05T04:07:11Z">
    <groups>
      <group name="Sanity">
        <method signature="HomePageNavigation.basepage_navigation(java.lang.String, java.lang.String)[pri:0, instance:home.HomePageNavigation@4c39bec8]" name="basepage_navigation" class="home.HomePageNavigation"/>
      </group> <!-- Sanity -->
      <group name="Regression">
        <method signature="HomePageNavigation.basepage_navigation(java.lang.String, java.lang.String)[pri:0, instance:home.HomePageNavigation@4c39bec8]" name="basepage_navigation" class="home.HomePageNavigation"/>
        <method signature="MenuBar.validateAboutButton()[pri:0, instance:home.MenuBar@e4487af]" name="validateAboutButton" class="home.MenuBar"/>
        <method signature="MenuBar.validateHomeButton()[pri:0, instance:home.MenuBar@e4487af]" name="validateHomeButton" class="home.MenuBar"/>
        <method signature="MenuBar.validatePracticeButton()[pri:0, instance:home.MenuBar@e4487af]" name="validatePracticeButton" class="home.MenuBar"/>
        <method signature="MenuBar.validateVideosButton()[pri:0, instance:home.MenuBar@e4487af]" name="validateVideosButton" class="home.MenuBar"/>
      </group> <!-- Regression -->
    </groups>
    <test name="loginTest" duration-ms="131387" started-at="2018-05-05T04:05:00Z" finished-at="2018-05-05T04:07:11Z">
      <class name="home.HomePageNavigation">
        <test-method status="PASS" signature="testSetup()[pri:0, instance:home.HomePageNavigation@4c39bec8]" name="testSetup" is-config="true" duration-ms="15" started-at="2018-05-05T09:35:00Z" finished-at="2018-05-05T09:35:00Z">
          <reporter-output>
          </reporter-output>
        </test-method> <!-- testSetup -->
        <test-method status="PASS" signature="setup()[pri:0, instance:home.HomePageNavigation@4c39bec8]" name="setup" is-config="true" duration-ms="13516" started-at="2018-05-05T09:35:00Z" finished-at="2018-05-05T09:35:13Z">
          <reporter-output>
          </reporter-output>
        </test-method> <!-- setup -->
        <test-method status="PASS" signature="basepage_navigation(java.lang.String, java.lang.String)[pri:0, instance:home.HomePageNavigation@4c39bec8]" name="basepage_navigation" duration-ms="25309" started-at="2018-05-05T09:35:13Z" data-provider="getData" finished-at="2018-05-05T09:35:39Z">
          <params>
            <param index="0">
              <value>
                <![CDATA[uday@hmail.com]]>
              </value>
            </param>
            <param index="1">
              <value>
                <![CDATA[password1]]>
              </value>
            </param>
          </params>
          <reporter-output>
          </reporter-output>
        </test-method> <!-- basepage_navigation -->
        <test-method status="PASS" signature="setTestResult(org.testng.ITestResult)[pri:0, instance:home.HomePageNavigation@4c39bec8]" name="setTestResult" is-config="true" duration-ms="1947" started-at="2018-05-05T09:35:39Z" finished-at="2018-05-05T09:35:41Z">
          <params>
            <param index="0">
              <value>
                <![CDATA[[TestResult name=basepage_navigation status=SUCCESS method=HomePageNavigation.basepage_navigation(java.lang.String, java.lang.String)[pri:0, instance:home.HomePageNavigation@4c39bec8] output={null}]]]>
              </value>
            </param>
          </params>
          <reporter-output>
          </reporter-output>
        </test-method> <!-- setTestResult -->
        <test-method status="PASS" signature="setup()[pri:0, instance:home.HomePageNavigation@4c39bec8]" name="setup" is-config="true" duration-ms="4538" started-at="2018-05-05T09:35:41Z" finished-at="2018-05-05T09:35:45Z">
          <reporter-output>
          </reporter-output>
        </test-method> <!-- setup -->
        <test-method status="PASS" signature="basepage_navigation(java.lang.String, java.lang.String)[pri:0, instance:home.HomePageNavigation@4c39bec8]" name="basepage_navigation" duration-ms="20107" started-at="2018-05-05T09:35:45Z" data-provider="getData" finished-at="2018-05-05T09:36:05Z">
          <params>
            <param index="0">
              <value>
                <![CDATA[udaykumar@gmail.com]]>
              </value>
            </param>
            <param index="1">
              <value>
                <![CDATA[password2]]>
              </value>
            </param>
          </params>
          <reporter-output>
          </reporter-output>
        </test-method> <!-- basepage_navigation -->
        <test-method status="PASS" signature="setTestResult(org.testng.ITestResult)[pri:0, instance:home.HomePageNavigation@4c39bec8]" name="setTestResult" is-config="true" duration-ms="878" started-at="2018-05-05T09:36:05Z" finished-at="2018-05-05T09:36:06Z">
          <params>
            <param index="0">
              <value>
                <![CDATA[[TestResult name=basepage_navigation status=SUCCESS method=HomePageNavigation.basepage_navigation(java.lang.String, java.lang.String)[pri:0, instance:home.HomePageNavigation@4c39bec8] output={null}]]]>
              </value>
            </param>
          </params>
          <reporter-output>
          </reporter-output>
        </test-method> <!-- setTestResult -->
        <test-method status="PASS" signature="closeup()[pri:0, instance:home.HomePageNavigation@4c39bec8]" name="closeup" is-config="true" duration-ms="110" started-at="2018-05-05T09:36:06Z" finished-at="2018-05-05T09:36:06Z">
          <reporter-output>
          </reporter-output>
        </test-method> <!-- closeup -->
      </class> <!-- home.HomePageNavigation -->
      <class name="home.BaseTestSuite">
        <test-method status="PASS" signature="startSuite(org.testng.ITestContext)[pri:0, instance:home.BaseTestSuite@6aaceffd]" name="startSuite" is-config="true" duration-ms="499" started-at="2018-05-05T09:34:59Z" finished-at="2018-05-05T09:35:00Z">
          <params>
            <param index="0">
              <value>
                <![CDATA[org.testng.TestRunner@21ca139c]]>
              </value>
            </param>
          </params>
          <reporter-output>
          </reporter-output>
        </test-method> <!-- startSuite -->
        <test-method status="PASS" signature="endSuite()[pri:0, instance:home.BaseTestSuite@6aaceffd]" name="endSuite" is-config="true" duration-ms="125" started-at="2018-05-05T09:37:12Z" finished-at="2018-05-05T09:37:12Z">
          <reporter-output>
          </reporter-output>
        </test-method> <!-- endSuite -->
      </class> <!-- home.BaseTestSuite -->
      <class name="home.MenuBar">
        <test-method status="PASS" signature="testSetup()[pri:0, instance:home.MenuBar@e4487af]" name="testSetup" is-config="true" duration-ms="0" started-at="2018-05-05T09:36:06Z" finished-at="2018-05-05T09:36:06Z">
          <reporter-output>
          </reporter-output>
        </test-method> <!-- testSetup -->
        <test-method status="PASS" signature="setup()[pri:0, instance:home.MenuBar@e4487af]" name="setup" is-config="true" duration-ms="5447" started-at="2018-05-05T09:36:06Z" finished-at="2018-05-05T09:36:12Z">
          <reporter-output>
          </reporter-output>
        </test-method> <!-- setup -->
        <test-method status="PASS" signature="validateHomeButton()[pri:0, instance:home.MenuBar@e4487af]" name="validateHomeButton" duration-ms="11210" started-at="2018-05-05T09:36:12Z" finished-at="2018-05-05T09:36:23Z">
          <reporter-output>
          </reporter-output>
        </test-method> <!-- validateHomeButton -->
        <test-method status="PASS" signature="setTestResult(org.testng.ITestResult)[pri:0, instance:home.MenuBar@e4487af]" name="setTestResult" is-config="true" duration-ms="1094" started-at="2018-05-05T09:36:23Z" finished-at="2018-05-05T09:36:24Z">
          <params>
            <param index="0">
              <value>
                <![CDATA[[TestResult name=validateHomeButton status=SUCCESS method=MenuBar.validateHomeButton()[pri:0, instance:home.MenuBar@e4487af] output={null}]]]>
              </value>
            </param>
          </params>
          <reporter-output>
          </reporter-output>
        </test-method> <!-- setTestResult -->
        <test-method status="PASS" signature="setup()[pri:0, instance:home.MenuBar@e4487af]" name="setup" is-config="true" duration-ms="6069" started-at="2018-05-05T09:36:24Z" finished-at="2018-05-05T09:36:30Z">
          <reporter-output>
          </reporter-output>
        </test-method> <!-- setup -->
        <test-method status="PASS" signature="validateVideosButton()[pri:0, instance:home.MenuBar@e4487af]" name="validateVideosButton" duration-ms="8722" started-at="2018-05-05T09:36:30Z" finished-at="2018-05-05T09:36:39Z">
          <reporter-output>
          </reporter-output>
        </test-method> <!-- validateVideosButton -->
        <test-method status="PASS" signature="setTestResult(org.testng.ITestResult)[pri:0, instance:home.MenuBar@e4487af]" name="setTestResult" is-config="true" duration-ms="4531" started-at="2018-05-05T09:36:39Z" finished-at="2018-05-05T09:36:43Z">
          <params>
            <param index="0">
              <value>
                <![CDATA[[TestResult name=validateVideosButton status=SUCCESS method=MenuBar.validateVideosButton()[pri:0, instance:home.MenuBar@e4487af] output={null}]]]>
              </value>
            </param>
          </params>
          <reporter-output>
          </reporter-output>
        </test-method> <!-- setTestResult -->
        <test-method status="PASS" signature="setup()[pri:0, instance:home.MenuBar@e4487af]" name="setup" is-config="true" duration-ms="4108" started-at="2018-05-05T09:36:43Z" finished-at="2018-05-05T09:36:47Z">
          <reporter-output>
          </reporter-output>
        </test-method> <!-- setup -->
        <test-method status="PASS" signature="validatePracticeButton()[pri:0, instance:home.MenuBar@e4487af]" name="validatePracticeButton" duration-ms="8379" started-at="2018-05-05T09:36:47Z" finished-at="2018-05-05T09:36:56Z">
          <reporter-output>
          </reporter-output>
        </test-method> <!-- validatePracticeButton -->
        <test-method status="PASS" signature="setTestResult(org.testng.ITestResult)[pri:0, instance:home.MenuBar@e4487af]" name="setTestResult" is-config="true" duration-ms="2995" started-at="2018-05-05T09:36:56Z" finished-at="2018-05-05T09:36:59Z">
          <params>
            <param index="0">
              <value>
                <![CDATA[[TestResult name=validatePracticeButton status=SUCCESS method=MenuBar.validatePracticeButton()[pri:0, instance:home.MenuBar@e4487af] output={null}]]]>
              </value>
            </param>
          </params>
          <reporter-output>
          </reporter-output>
        </test-method> <!-- setTestResult -->
        <test-method status="PASS" signature="setup()[pri:0, instance:home.MenuBar@e4487af]" name="setup" is-config="true" duration-ms="3408" started-at="2018-05-05T09:36:59Z" finished-at="2018-05-05T09:37:02Z">
          <reporter-output>
          </reporter-output>
        </test-method> <!-- setup -->
        <test-method status="PASS" signature="validateAboutButton()[pri:0, instance:home.MenuBar@e4487af]" name="validateAboutButton" duration-ms="6299" started-at="2018-05-05T09:37:02Z" finished-at="2018-05-05T09:37:08Z">
          <reporter-output>
          </reporter-output>
        </test-method> <!-- validateAboutButton -->
        <test-method status="PASS" signature="setTestResult(org.testng.ITestResult)[pri:0, instance:home.MenuBar@e4487af]" name="setTestResult" is-config="true" duration-ms="2674" started-at="2018-05-05T09:37:08Z" finished-at="2018-05-05T09:37:11Z">
          <params>
            <param index="0">
              <value>
                <![CDATA[[TestResult name=validateAboutButton status=SUCCESS method=MenuBar.validateAboutButton()[pri:0, instance:home.MenuBar@e4487af] output={null}]]]>
              </value>
            </param>
          </params>
          <reporter-output>
          </reporter-output>
        </test-method> <!-- setTestResult -->
      </class> <!-- home.MenuBar -->
    </test> <!-- loginTest -->
  </suite> <!-- Regression-Suite -->
</testng-results>
